ERROR
Traceback (most recent call last):
  File "process_task.py", line 36, in <module>
    tsa = TSA(task.mp1, task.mp2, depth)
  File "../tsa4.py", line 136, in __init__
    assert p.mesh <= q.mesh
AssertionError

